#
# There is insufficient memory for the Java Runtime Environment to continue.
# Native memory allocation (mmap) failed to map 16777216 bytes for G1 virtual space
# Possible reasons:
#   The system is out of physical RAM or swap space
#   The process is running with CompressedOops enabled, and the Java Heap may be blocking the growth of the native heap
# Possible solutions:
#   Reduce memory load on the system
#   Increase physical memory or swap space
#   Check if swap backing store is full
#   Decrease Java heap size (-Xmx/-Xms)
#   Decrease number of Java threads
#   Decrease Java thread stack sizes (-Xss)
#   Set larger code cache with -XX:ReservedCodeCacheSize=
#   JVM is running with Zero Based Compressed Oops mode in which the Java heap is
#     placed in the first 32GB address space. The Java Heap base address is the
#     maximum limit for the native heap growth. Please use -XX:HeapBaseMinAddress
#     to set the Java Heap base and to place the Java Heap above 32GB virtual address.
# This output file may be truncated or incomplete.
#
#  Out of Memory Error (os_windows.cpp:3600), pid=26916, tid=24324
#
# JRE version: Java(TM) SE Runtime Environment (21.0.1+12) (build 21.0.1+12-LTS-29)
# Java VM: Java HotSpot(TM) 64-Bit Server VM (21.0.1+12-LTS-29, mixed mode, sharing, tiered, compressed oops, compressed class ptrs, g1 gc, windows-amd64)
# No core dump will be written. Minidumps are not enabled by default on client versions of Windows
#

---------------  S U M M A R Y ------------

Command Line: -javaagent:E:\Inteliji\IntelliJ IDEA 2025.1\lib\idea_rt.jar=53976 -Dfile.encoding=UTF-8 -Dsun.stdout.encoding=UTF-8 -Dsun.stderr.encoding=UTF-8 com.example.Cap2.NannyNow.NannyNowApplication

Host: 11th Gen Intel(R) Core(TM) i5-1135G7 @ 2.40GHz, 8 cores, 11G,  Windows 11 , 64 bit Build 22621 (10.0.22621.5124)
Time: Tue Apr 29 21:55:00 2025 SE Asia Standard Time elapsed time: 11.428067 seconds (0d 0h 0m 11s)

---------------  T H R E A D  ---------------

Current thread (0x000001a34137c8d0):  VMThread "VM Thread"          [id=24324, stack(0x0000001517f00000,0x0000001518000000) (1024K)]

Stack: [0x0000001517f00000,0x0000001518000000]
Native frames: (J=compiled Java code, j=interpreted, Vv=VM code, C=native code)
V  [jvm.dll+0x6c9029]
V  [jvm.dll+0x854b81]
V  [jvm.dll+0x856e5e]
V  [jvm.dll+0x857543]
V  [jvm.dll+0x280c06]
V  [jvm.dll+0x6c5715]
V  [jvm.dll+0x6ba10a]
V  [jvm.dll+0x3557ea]
V  [jvm.dll+0x35d436]
V  [jvm.dll+0x3ae1be]
V  [jvm.dll+0x3ae468]
V  [jvm.dll+0x3291fc]
V  [jvm.dll+0x32baa6]
V  [jvm.dll+0x3359fe]
V  [jvm.dll+0x36bc65]
V  [jvm.dll+0x85d048]
V  [jvm.dll+0x85e144]
V  [jvm.dll+0x85e680]
V  [jvm.dll+0x85e923]
V  [jvm.dll+0x7fd728]
V  [jvm.dll+0x6c777d]
C  [ucrtbase.dll+0x29333]
C  [KERNEL32.DLL+0x1259d]
C  [ntdll.dll+0x5af38]

VM_Operation (0x0000001517aff430): G1PauseRemark, mode: safepoint, requested by thread 0x000001a323776a80


---------------  P R O C E S S  ---------------

Threads class SMR info:
_java_thread_list=0x000001a38ab44530, length=24, elements={
0x000001a323714b00, 0x000001a341397c80, 0x000001a341398e40, 0x000001a34139b830,
0x000001a34139f3f0, 0x000001a34139ff40, 0x000001a3413a1bd0, 0x000001a3413a3aa0,
0x000001a3413bc500, 0x000001a341594890, 0x000001a387268310, 0x000001a387320490,
0x000001a38753b630, 0x000001a38775a850, 0x000001a387730030, 0x000001a387730ec0,
0x000001a38779c620, 0x000001a387be9d20, 0x000001a3895441a0, 0x000001a389548340,
0x000001a389544830, 0x000001a38954a410, 0x000001a389546f90, 0x000001a389547620
}

Java Threads: ( => current thread )
  0x000001a323714b00 JavaThread "main"                              [_thread_blocked, id=28000, stack(0x0000001517800000,0x0000001517900000) (1024K)]
  0x000001a341397c80 JavaThread "Reference Handler"          daemon [_thread_blocked, id=22548, stack(0x0000001518000000,0x0000001518100000) (1024K)]
  0x000001a341398e40 JavaThread "Finalizer"                  daemon [_thread_blocked, id=26756, stack(0x0000001518100000,0x0000001518200000) (1024K)]
  0x000001a34139b830 JavaThread "Signal Dispatcher"          daemon [_thread_blocked, id=22524, stack(0x0000001518200000,0x0000001518300000) (1024K)]
  0x000001a34139f3f0 JavaThread "Attach Listener"            daemon [_thread_blocked, id=19576, stack(0x0000001518300000,0x0000001518400000) (1024K)]
  0x000001a34139ff40 JavaThread "Service Thread"             daemon [_thread_blocked, id=23784, stack(0x0000001518400000,0x0000001518500000) (1024K)]
  0x000001a3413a1bd0 JavaThread "Monitor Deflation Thread"   daemon [_thread_blocked, id=25420, stack(0x0000001518500000,0x0000001518600000) (1024K)]
  0x000001a3413a3aa0 JavaThread "C2 CompilerThread0"         daemon [_thread_blocked, id=7052, stack(0x0000001518600000,0x0000001518700000) (1024K)]
  0x000001a3413bc500 JavaThread "C1 CompilerThread0"         daemon [_thread_blocked, id=18984, stack(0x0000001518700000,0x0000001518800000) (1024K)]
  0x000001a341594890 JavaThread "Common-Cleaner"             daemon [_thread_blocked, id=22904, stack(0x0000001518800000,0x0000001518900000) (1024K)]
  0x000001a387268310 JavaThread "Monitor Ctrl-Break"         daemon [_thread_in_native, id=16464, stack(0x0000001518b00000,0x0000001518c00000) (1024K)]
  0x000001a387320490 JavaThread "Notification Thread"        daemon [_thread_blocked, id=27972, stack(0x0000001518c00000,0x0000001518d00000) (1024K)]
  0x000001a38753b630 JavaThread "RMI TCP Accept-0"           daemon [_thread_in_native, id=24008, stack(0x0000001519300000,0x0000001519400000) (1024K)]
  0x000001a38775a850 JavaThread "RMI TCP Connection(1)-192.168.1.4" daemon [_thread_in_native, id=20968, stack(0x0000001519400000,0x0000001519500000) (1024K)]
  0x000001a387730030 JavaThread "Thread-0"                          [_thread_blocked, id=27484, stack(0x0000001519500000,0x0000001519600000) (1024K)]
  0x000001a387730ec0 JavaThread "restartedMain"                     [_thread_blocked, id=5632, stack(0x0000001519600000,0x0000001519700000) (1024K)]
  0x000001a38779c620 JavaThread "RMI Scheduler(0)"           daemon [_thread_blocked, id=25576, stack(0x0000001519700000,0x0000001519800000) (1024K)]
  0x000001a387be9d20 JavaThread "JMX server connection timeout 36" daemon [_thread_blocked, id=19304, stack(0x0000001519800000,0x0000001519900000) (1024K)]
  0x000001a3895441a0 JavaThread "Catalina-utility-1"                [_thread_blocked, id=11988, stack(0x0000001519900000,0x0000001519a00000) (1024K)]
  0x000001a389548340 JavaThread "Catalina-utility-2"                [_thread_blocked, id=5036, stack(0x0000001519b00000,0x0000001519c00000) (1024K)]
  0x000001a389544830 JavaThread "container-0"                       [_thread_blocked, id=27612, stack(0x0000001519c00000,0x0000001519d00000) (1024K)]
  0x000001a38954a410 JavaThread "mysql-cj-abandoned-connection-cleanup" daemon [_thread_blocked, id=16388, stack(0x0000001519d00000,0x0000001519e00000) (1024K)]
  0x000001a389546f90 JavaThread "HikariPool-1 housekeeper"   daemon [_thread_blocked, id=27300, stack(0x0000001519f00000,0x000000151a000000) (1024K)]
  0x000001a389547620 JavaThread "HikariPool-1 connection adder" daemon [_thread_blocked, id=27588, stack(0x000000151a000000,0x000000151a100000) (1024K)]
Total: 24

Other Threads:
=>0x000001a34137c8d0 VMThread "VM Thread"                           [id=24324, stack(0x0000001517f00000,0x0000001518000000) (1024K)]
  0x000001a341364b60 WatcherThread "VM Periodic Task Thread"        [id=4744, stack(0x0000001517e00000,0x0000001517f00000) (1024K)]
  0x000001a323768e40 WorkerThread "GC Thread#0"                     [id=18412, stack(0x0000001517900000,0x0000001517a00000) (1024K)]
  0x000001a3877fec00 WorkerThread "GC Thread#1"                     [id=20776, stack(0x0000001518a00000,0x0000001518b00000) (1024K)]
  0x000001a387549bc0 WorkerThread "GC Thread#2"                     [id=26728, stack(0x0000001518d00000,0x0000001518e00000) (1024K)]
  0x000001a3877407c0 WorkerThread "GC Thread#3"                     [id=14792, stack(0x0000001518e00000,0x0000001518f00000) (1024K)]
  0x000001a3879d1a30 WorkerThread "GC Thread#4"                     [id=28636, stack(0x0000001518f00000,0x0000001519000000) (1024K)]
  0x000001a3879d1dd0 WorkerThread "GC Thread#5"                     [id=1252, stack(0x0000001519000000,0x0000001519100000) (1024K)]
  0x000001a387bc9eb0 WorkerThread "GC Thread#6"                     [id=25964, stack(0x0000001519100000,0x0000001519200000) (1024K)]
  0x000001a387bcea70 WorkerThread "GC Thread#7"                     [id=24640, stack(0x0000001519200000,0x0000001519300000) (1024K)]
  0x000001a323776a80 ConcurrentGCThread "G1 Main Marker"            [id=14884, stack(0x0000001517a00000,0x0000001517b00000) (1024K)]
  0x000001a323777580 WorkerThread "G1 Conc#0"                       [id=3440, stack(0x0000001517b00000,0x0000001517c00000) (1024K)]
  0x000001a388018eb0 WorkerThread "G1 Conc#1"                       [id=27792, stack(0x0000001519a00000,0x0000001519b00000) (1024K)]
  0x000001a3412360e0 ConcurrentGCThread "G1 Refine#0"               [id=24032, stack(0x0000001517c00000,0x0000001517d00000) (1024K)]
  0x000001a341236c50 ConcurrentGCThread "G1 Service"                [id=25032, stack(0x0000001517d00000,0x0000001517e00000) (1024K)]
Total: 15

Threads with active compile tasks:
C2 CompilerThread0    11450 8319       4       org.antlr.v4.runtime.atn.ParserATNSimulator::closure_ (343 bytes)
Total: 1

VM state: at safepoint (normal execution)

VM Mutex/Monitor currently owned by a thread:  ([mutex/lock_event])
[0x00007ffb045da5f8] Threads_lock - owner thread: 0x000001a34137c8d0
[0x00007ffb045da6f8] Heap_lock - owner thread: 0x000001a323776a80

Heap address: 0x0000000743a00000, size: 3014 MB, Compressed Oops mode: Zero based, Oop shift amount: 3

CDS archive(s) mapped at: [0x000001a342000000-0x000001a342c90000-0x000001a342c90000), size 13172736, SharedBaseAddress: 0x000001a342000000, ArchiveRelocationMode: 1.
Compressed class space mapped at: 0x000001a343000000-0x000001a383000000, reserved size: 1073741824
Narrow klass base: 0x000001a342000000, Narrow klass shift: 0, Narrow klass range: 0x100000000

GC Precious Log:
 CardTable entry size: 512
 Card Set container configuration: InlinePtr #cards 4 size 8 Array Of Cards #cards 16 size 48 Howl #buckets 8 coarsen threshold 3686 Howl Bitmap #cards 512 size 80 coarsen threshold 460 Card regions per heap region 1 cards per card region 4096
 CPUs: 8 total, 8 available
 Memory: 12053M
 Large Page Support: Disabled
 NUMA Support: Disabled
 Compressed Oops: Enabled (Zero based)
 Heap Region Size: 2M
 Heap Min Capacity: 8M
 Heap Initial Capacity: 190M
 Heap Max Capacity: 3014M
 Pre-touch: Disabled
 Parallel Workers: 8
 Concurrent Workers: 2
 Concurrent Refinement Workers: 8
 Periodic GC: Disabled

Heap:
 garbage-first heap   total 73728K, used 49593K [0x0000000743a00000, 0x0000000800000000)
  region size 2048K, 5 young (10240K), 2 survivors (4096K)
 Metaspace       used 77669K, committed 78464K, reserved 1179648K
  class space    used 10589K, committed 10944K, reserved 1048576K

Heap Regions: E=young(eden), S=young(survivor), O=old, HS=humongous(starts), HC=humongous(continues), CS=collection set, F=free, TAMS=top-at-mark-start, PB=parsable bottom
|   0|0x0000000743a00000, 0x0000000743c00000, 0x0000000743c00000|100%| O|  |TAMS 0x0000000743c00000| PB 0x0000000743c00000| Untracked 
|   1|0x0000000743c00000, 0x0000000743e00000, 0x0000000743e00000|100%| O|  |TAMS 0x0000000743e00000| PB 0x0000000743e00000| Untracked 
|   2|0x0000000743e00000, 0x0000000744000000, 0x0000000744000000|100%| O|  |TAMS 0x0000000744000000| PB 0x0000000744000000| Untracked 
|   3|0x0000000744000000, 0x0000000744200000, 0x0000000744200000|100%| O|  |TAMS 0x0000000744200000| PB 0x0000000744200000| Untracked 
|   4|0x0000000744200000, 0x0000000744400000, 0x0000000744400000|100%| O|  |TAMS 0x0000000744400000| PB 0x0000000744400000| Untracked 
|   5|0x0000000744400000, 0x0000000744600000, 0x0000000744600000|100%| O|  |TAMS 0x0000000744600000| PB 0x0000000744600000| Untracked 
|   6|0x0000000744600000, 0x0000000744800000, 0x0000000744800000|100%| O|  |TAMS 0x0000000744800000| PB 0x0000000744800000| Untracked 
|   7|0x0000000744800000, 0x0000000744a00000, 0x0000000744a00000|100%| O|  |TAMS 0x0000000744a00000| PB 0x0000000744a00000| Untracked 
|   8|0x0000000744a00000, 0x0000000744c00000, 0x0000000744c00000|100%| O|  |TAMS 0x0000000744c00000| PB 0x0000000744c00000| Untracked 
|   9|0x0000000744c00000, 0x0000000744e00000, 0x0000000744e00000|100%| O|  |TAMS 0x0000000744e00000| PB 0x0000000744e00000| Untracked 
|  10|0x0000000744e00000, 0x0000000745000000, 0x0000000745000000|100%| O|  |TAMS 0x0000000745000000| PB 0x0000000745000000| Untracked 
|  11|0x0000000745000000, 0x0000000745200000, 0x0000000745200000|100%| O|  |TAMS 0x0000000745200000| PB 0x0000000745200000| Untracked 
|  12|0x0000000745200000, 0x0000000745400000, 0x0000000745400000|100%| O|  |TAMS 0x0000000745400000| PB 0x0000000745400000| Untracked 
|  13|0x0000000745400000, 0x0000000745600000, 0x0000000745600000|100%| O|  |TAMS 0x0000000745600000| PB 0x0000000745600000| Untracked 
|  14|0x0000000745600000, 0x0000000745800000, 0x0000000745800000|100%| O|  |TAMS 0x0000000745600000| PB 0x0000000745600000| Untracked 
|  15|0x0000000745800000, 0x0000000745a00000, 0x0000000745a00000|100%| O|  |TAMS 0x0000000745a00000| PB 0x0000000745a00000| Untracked 
|  16|0x0000000745a00000, 0x0000000745c00000, 0x0000000745c00000|100%| O|  |TAMS 0x0000000745c00000| PB 0x0000000745c00000| Untracked 
|  17|0x0000000745c00000, 0x0000000745e00000, 0x0000000745e00000|100%| O|  |TAMS 0x0000000745e00000| PB 0x0000000745e00000| Untracked 
|  18|0x0000000745e00000, 0x0000000746000000, 0x0000000746000000|100%| O|  |TAMS 0x0000000746000000| PB 0x0000000746000000| Untracked 
|  19|0x0000000746000000, 0x0000000746000000, 0x0000000746200000|  0%| F|  |TAMS 0x0000000746000000| PB 0x0000000746000000| Untracked 
|  20|0x0000000746200000, 0x0000000746200000, 0x0000000746400000|  0%| F|  |TAMS 0x0000000746200000| PB 0x0000000746200000| Untracked 
|  21|0x0000000746400000, 0x00000007465be5e0, 0x0000000746600000| 87%| O|  |TAMS 0x0000000746400000| PB 0x0000000746400000| Untracked 
|  22|0x0000000746600000, 0x0000000746600000, 0x0000000746800000|  0%| F|  |TAMS 0x0000000746600000| PB 0x0000000746600000| Untracked 
|  23|0x0000000746800000, 0x00000007468afe78, 0x0000000746a00000| 34%| S|CS|TAMS 0x0000000746800000| PB 0x0000000746800000| Complete 
|  24|0x0000000746a00000, 0x0000000746c00000, 0x0000000746c00000|100%| S|CS|TAMS 0x0000000746a00000| PB 0x0000000746a00000| Complete 
|  25|0x0000000746c00000, 0x0000000746c00000, 0x0000000746e00000|  0%| F|  |TAMS 0x0000000746c00000| PB 0x0000000746c00000| Untracked 
|  26|0x0000000746e00000, 0x0000000746e00000, 0x0000000747000000|  0%| F|  |TAMS 0x0000000746e00000| PB 0x0000000746e00000| Untracked 
|  27|0x0000000747000000, 0x0000000747000000, 0x0000000747200000|  0%| F|  |TAMS 0x0000000747000000| PB 0x0000000747000000| Untracked 
|  28|0x0000000747200000, 0x0000000747200000, 0x0000000747400000|  0%| F|  |TAMS 0x0000000747200000| PB 0x0000000747200000| Untracked 
|  29|0x0000000747400000, 0x0000000747400000, 0x0000000747600000|  0%| F|  |TAMS 0x0000000747400000| PB 0x0000000747400000| Untracked 
|  30|0x0000000747600000, 0x0000000747600000, 0x0000000747800000|  0%| F|  |TAMS 0x0000000747600000| PB 0x0000000747600000| Untracked 
|  74|0x000000074ce00000, 0x000000074ce00000, 0x000000074d000000|  0%| F|  |TAMS 0x000000074ce00000| PB 0x000000074ce00000| Untracked 
|  75|0x000000074d000000, 0x000000074d0cc2a0, 0x000000074d200000| 39%| E|  |TAMS 0x000000074d000000| PB 0x000000074d000000| Complete 
|  76|0x000000074d200000, 0x000000074d400000, 0x000000074d400000|100%| E|CS|TAMS 0x000000074d200000| PB 0x000000074d200000| Complete 
|  94|0x000000074f600000, 0x000000074f800000, 0x000000074f800000|100%| E|CS|TAMS 0x000000074f600000| PB 0x000000074f600000| Complete 
|1506|0x00000007ffe00000, 0x0000000800000000, 0x0000000800000000|100%| O|  |TAMS 0x00000007fff8a290| PB 0x00000007fff8a290| Updating 

Card table byte_map: [0x000001a33b480000,0x000001a33ba70000] _byte_map_base: 0x000001a337a63000

Marking Bits: (CMBitMap*) 0x000001a323769540
 Bits: [0x000001a33ba70000, 0x000001a33e988000)

Polling page: 0x000001a322ed0000

Metaspace:

Usage:
  Non-class:     65.51 MB used.
      Class:     10.34 MB used.
       Both:     75.85 MB used.

Virtual space:
  Non-class space:      128.00 MB reserved,      65.94 MB ( 52%) committed,  2 nodes.
      Class space:        1.00 GB reserved,      10.69 MB (  1%) committed,  1 nodes.
             Both:        1.12 GB reserved,      76.62 MB (  7%) committed. 

Chunk freelists:
   Non-Class:  13.17 MB
       Class:  5.25 MB
        Both:  18.42 MB

MaxMetaspaceSize: unlimited
CompressedClassSpaceSize: 1.00 GB
Initial GC threshold: 21.00 MB
Current GC threshold: 124.69 MB
CDS: on
 - commit_granule_bytes: 65536.
 - commit_granule_words: 8192.
 - virtual_space_node_default_size: 8388608.
 - enlarge_chunks_in_place: 1.
 - use_allocation_guard: 0.


Internal statistics:

num_allocs_failed_limit: 9.
num_arena_births: 1078.
num_arena_deaths: 0.
num_vsnodes_births: 3.
num_vsnodes_deaths: 0.
num_space_committed: 1226.
num_space_uncommitted: 0.
num_chunks_returned_to_freelist: 9.
num_chunks_taken_from_freelist: 3767.
num_chunk_merges: 9.
num_chunk_splits: 2695.
num_chunks_enlarged: 2042.
num_inconsistent_stats: 0.

CodeHeap 'non-profiled nmethods': size=120000Kb used=3921Kb max_used=4132Kb free=116078Kb
 bounds [0x000001a333630000, 0x000001a333a50000, 0x000001a33ab60000]
CodeHeap 'profiled nmethods': size=120000Kb used=13258Kb max_used=13824Kb free=106741Kb
 bounds [0x000001a32bb60000, 0x000001a32c8f0000, 0x000001a333090000]
CodeHeap 'non-nmethods': size=5760Kb used=1978Kb max_used=2023Kb free=3782Kb
 bounds [0x000001a333090000, 0x000001a333300000, 0x000001a333630000]
 total_blobs=7746 nmethods=6976 adapters=673
 compilation: enabled
              stopped_count=0, restarted_count=0
 full_count=0

Compilation events (20 events):
Event: 11.250 Thread 0x000001a3413bc500 8318       3       org.antlr.v4.runtime.atn.PredictionContextCache::add (45 bytes)
Event: 11.250 Thread 0x000001a3413bc500 nmethod 8318 0x000001a32c7d9e10 code [0x000001a32c7da000, 0x000001a32c7da4a0]
Event: 11.251 Thread 0x000001a3413a3aa0 nmethod 8309% 0x000001a3336f7190 code [0x000001a3336f7620, 0x000001a3336fa658]
Event: 11.251 Thread 0x000001a3413a3aa0 8157       4       org.antlr.v4.runtime.misc.Array2DHashSet::getOrAddImpl (146 bytes)
Event: 11.265 Thread 0x000001a3413a3aa0 nmethod 8157 0x000001a333730b90 code [0x000001a333730e00, 0x000001a333731e58]
Event: 11.265 Thread 0x000001a3413a3aa0 8319       4       org.antlr.v4.runtime.atn.ParserATNSimulator::closure_ (343 bytes)
Event: 11.269 Thread 0x000001a3413bc500 8321       2       org.antlr.v4.runtime.atn.PredictionMode::hasConflictingAltSet (41 bytes)
Event: 11.269 Thread 0x000001a3413bc500 nmethod 8321 0x000001a32c18b210 code [0x000001a32c18b400, 0x000001a32c18b678]
Event: 11.269 Thread 0x000001a3413bc500 8322   !   2       org.antlr.v4.runtime.atn.LexerATNSimulator::match (96 bytes)
Event: 11.270 Thread 0x000001a3413bc500 nmethod 8322 0x000001a32c6e0b10 code [0x000001a32c6e0d00, 0x000001a32c6e10a8]
Event: 11.270 Thread 0x000001a3413bc500 8323       2       org.antlr.v4.runtime.atn.LexerATNSimulator$SimState::reset (21 bytes)
Event: 11.270 Thread 0x000001a3413bc500 nmethod 8323 0x000001a32c146390 code [0x000001a32c146520, 0x000001a32c146668]
Event: 11.292 Thread 0x000001a3413bc500 8324       2       org.antlr.v4.runtime.Parser::enterOuterAlt (51 bytes)
Event: 11.292 Thread 0x000001a3413bc500 nmethod 8324 0x000001a32c6ecc10 code [0x000001a32c6ece00, 0x000001a32c6ed240]
Event: 11.293 Thread 0x000001a3413bc500 8325       2       org.antlr.v4.runtime.RuleContext::setAltNumber (1 bytes)
Event: 11.293 Thread 0x000001a3413bc500 nmethod 8325 0x000001a32be9c910 code [0x000001a32be9caa0, 0x000001a32be9cba8]
Event: 11.384 Thread 0x000001a3413bc500 8328       3       org.antlr.v4.runtime.misc.FlexibleHashMap::expand (151 bytes)
Event: 11.385 Thread 0x000001a3413bc500 nmethod 8328 0x000001a32bbd8e10 code [0x000001a32bbd90c0, 0x000001a32bbd9f40]
Event: 11.386 Thread 0x000001a3413bc500 8329       3       org.antlr.v4.runtime.atn.ParserATNSimulator::computeReachSet (575 bytes)
Event: 11.391 Thread 0x000001a3413bc500 nmethod 8329 0x000001a32c493890 code [0x000001a32c494040, 0x000001a32c4990e0]

GC Heap History (20 events):
Event: 7.691 GC heap before
{Heap before GC invocations=11 (full 0):
 garbage-first heap   total 61440K, used 48744K [0x0000000743a00000, 0x0000000800000000)
  region size 2048K, 13 young (26624K), 2 survivors (4096K)
 Metaspace       used 55256K, committed 56000K, reserved 1114112K
  class space    used 7115K, committed 7424K, reserved 1048576K
}
Event: 7.694 GC heap after
{Heap after GC invocations=12 (full 0):
 garbage-first heap   total 61440K, used 27417K [0x0000000743a00000, 0x0000000800000000)
  region size 2048K, 2 young (4096K), 2 survivors (4096K)
 Metaspace       used 55256K, committed 56000K, reserved 1114112K
  class space    used 7115K, committed 7424K, reserved 1048576K
}
Event: 8.212 GC heap before
{Heap before GC invocations=12 (full 0):
 garbage-first heap   total 61440K, used 45849K [0x0000000743a00000, 0x0000000800000000)
  region size 2048K, 12 young (24576K), 2 survivors (4096K)
 Metaspace       used 59960K, committed 60608K, reserved 1114112K
  class space    used 7731K, committed 8000K, reserved 1048576K
}
Event: 8.216 GC heap after
{Heap after GC invocations=13 (full 0):
 garbage-first heap   total 61440K, used 28882K [0x0000000743a00000, 0x0000000800000000)
  region size 2048K, 2 young (4096K), 2 survivors (4096K)
 Metaspace       used 59960K, committed 60608K, reserved 1114112K
  class space    used 7731K, committed 8000K, reserved 1048576K
}
Event: 8.898 GC heap before
{Heap before GC invocations=14 (full 0):
 garbage-first heap   total 61440K, used 51410K [0x0000000743a00000, 0x0000000800000000)
  region size 2048K, 13 young (26624K), 2 survivors (4096K)
 Metaspace       used 66495K, committed 67136K, reserved 1114112K
  class space    used 8790K, committed 9088K, reserved 1048576K
}
Event: 8.903 GC heap after
{Heap after GC invocations=15 (full 0):
 garbage-first heap   total 61440K, used 29824K [0x0000000743a00000, 0x0000000800000000)
  region size 2048K, 2 young (4096K), 2 survivors (4096K)
 Metaspace       used 66495K, committed 67136K, reserved 1114112K
  class space    used 8790K, committed 9088K, reserved 1048576K
}
Event: 9.271 GC heap before
{Heap before GC invocations=15 (full 0):
 garbage-first heap   total 61440K, used 50304K [0x0000000743a00000, 0x0000000800000000)
  region size 2048K, 12 young (24576K), 2 survivors (4096K)
 Metaspace       used 67516K, committed 68224K, reserved 1114112K
  class space    used 8901K, committed 9216K, reserved 1048576K
}
Event: 9.274 GC heap after
{Heap after GC invocations=16 (full 0):
 garbage-first heap   total 61440K, used 29753K [0x0000000743a00000, 0x0000000800000000)
  region size 2048K, 1 young (2048K), 1 survivors (2048K)
 Metaspace       used 67516K, committed 68224K, reserved 1114112K
  class space    used 8901K, committed 9216K, reserved 1048576K
}
Event: 9.965 GC heap before
{Heap before GC invocations=16 (full 0):
 garbage-first heap   total 61440K, used 54329K [0x0000000743a00000, 0x0000000800000000)
  region size 2048K, 13 young (26624K), 1 survivors (2048K)
 Metaspace       used 73196K, committed 73984K, reserved 1114112K
  class space    used 9654K, committed 9984K, reserved 1048576K
}
Event: 9.974 GC heap after
{Heap after GC invocations=17 (full 0):
 garbage-first heap   total 61440K, used 32392K [0x0000000743a00000, 0x0000000800000000)
  region size 2048K, 2 young (4096K), 2 survivors (4096K)
 Metaspace       used 73196K, committed 73984K, reserved 1114112K
  class space    used 9654K, committed 9984K, reserved 1048576K
}
Event: 10.539 GC heap before
{Heap before GC invocations=18 (full 0):
 garbage-first heap   total 61440K, used 52872K [0x0000000743a00000, 0x0000000800000000)
  region size 2048K, 12 young (24576K), 2 survivors (4096K)
 Metaspace       used 75778K, committed 76544K, reserved 1179648K
  class space    used 10204K, committed 10560K, reserved 1048576K
}
Event: 10.544 GC heap after
{Heap after GC invocations=19 (full 0):
 garbage-first heap   total 61440K, used 34307K [0x0000000743a00000, 0x0000000800000000)
  region size 2048K, 2 young (4096K), 2 survivors (4096K)
 Metaspace       used 75778K, committed 76544K, reserved 1179648K
  class space    used 10204K, committed 10560K, reserved 1048576K
}
Event: 10.640 GC heap before
{Heap before GC invocations=19 (full 0):
 garbage-first heap   total 61440K, used 48643K [0x0000000743a00000, 0x0000000800000000)
  region size 2048K, 10 young (20480K), 2 survivors (4096K)
 Metaspace       used 75819K, committed 76608K, reserved 1179648K
  class space    used 10209K, committed 10560K, reserved 1048576K
}
Event: 10.643 GC heap after
{Heap after GC invocations=20 (full 0):
 garbage-first heap   total 61440K, used 34633K [0x0000000743a00000, 0x0000000800000000)
  region size 2048K, 2 young (4096K), 2 survivors (4096K)
 Metaspace       used 75819K, committed 76608K, reserved 1179648K
  class space    used 10209K, committed 10560K, reserved 1048576K
}
Event: 10.823 GC heap before
{Heap before GC invocations=21 (full 0):
 garbage-first heap   total 71680K, used 48969K [0x0000000743a00000, 0x0000000800000000)
  region size 2048K, 9 young (18432K), 2 survivors (4096K)
 Metaspace       used 75854K, committed 76608K, reserved 1179648K
  class space    used 10209K, committed 10560K, reserved 1048576K
}
Event: 10.826 GC heap after
{Heap after GC invocations=22 (full 0):
 garbage-first heap   total 71680K, used 35056K [0x0000000743a00000, 0x0000000800000000)
  region size 2048K, 1 young (2048K), 1 survivors (2048K)
 Metaspace       used 75854K, committed 76608K, reserved 1179648K
  class space    used 10209K, committed 10560K, reserved 1048576K
}
Event: 11.195 GC heap before
{Heap before GC invocations=22 (full 0):
 garbage-first heap   total 71680K, used 61680K [0x0000000743a00000, 0x0000000800000000)
  region size 2048K, 14 young (28672K), 1 survivors (2048K)
 Metaspace       used 77658K, committed 78400K, reserved 1179648K
  class space    used 10589K, committed 10944K, reserved 1048576K
}
Event: 11.202 GC heap after
{Heap after GC invocations=23 (full 0):
 garbage-first heap   total 73728K, used 42536K [0x0000000743a00000, 0x0000000800000000)
  region size 2048K, 2 young (4096K), 2 survivors (4096K)
 Metaspace       used 77658K, committed 78400K, reserved 1179648K
  class space    used 10589K, committed 10944K, reserved 1048576K
}
Event: 11.365 GC heap before
{Heap before GC invocations=23 (full 0):
 garbage-first heap   total 73728K, used 63016K [0x0000000743a00000, 0x0000000800000000)
  region size 2048K, 12 young (24576K), 2 survivors (4096K)
 Metaspace       used 77669K, committed 78464K, reserved 1179648K
  class space    used 10589K, committed 10944K, reserved 1048576K
}
Event: 11.370 GC heap after
{Heap after GC invocations=24 (full 0):
 garbage-first heap   total 73728K, used 45497K [0x0000000743a00000, 0x0000000800000000)
  region size 2048K, 2 young (4096K), 2 survivors (4096K)
 Metaspace       used 77669K, committed 78464K, reserved 1179648K
  class space    used 10589K, committed 10944K, reserved 1048576K
}

Dll operation events (13 events):
Event: 0.015 Loaded shared library C:\Program Files\Java\jdk-21\bin\java.dll
Event: 0.067 Loaded shared library C:\Program Files\Java\jdk-21\bin\jsvml.dll
Event: 0.209 Loaded shared library C:\Program Files\Java\jdk-21\bin\zip.dll
Event: 0.214 Loaded shared library C:\Program Files\Java\jdk-21\bin\instrument.dll
Event: 0.221 Loaded shared library C:\Program Files\Java\jdk-21\bin\net.dll
Event: 0.223 Loaded shared library C:\Program Files\Java\jdk-21\bin\nio.dll
Event: 0.227 Loaded shared library C:\Program Files\Java\jdk-21\bin\zip.dll
Event: 0.306 Loaded shared library C:\Program Files\Java\jdk-21\bin\jimage.dll
Event: 0.408 Loaded shared library C:\Program Files\Java\jdk-21\bin\extnet.dll
Event: 0.420 Loaded shared library C:\Program Files\Java\jdk-21\bin\management.dll
Event: 0.436 Loaded shared library C:\Program Files\Java\jdk-21\bin\management_ext.dll
Event: 2.458 Loaded shared library C:\Program Files\Java\jdk-21\bin\sunmscapi.dll
Event: 7.372 Loaded shared library C:\Program Files\Java\jdk-21\bin\verify.dll

Deoptimization events (20 events):
Event: 11.267 Thread 0x000001a387730ec0 Uncommon trap: trap_request=0xffffffbe fr.pc=0x000001a333731a08 relative=0x0000000000000c08
Event: 11.267 Thread 0x000001a387730ec0 Uncommon trap: reason=profile_predicate action=maybe_recompile pc=0x000001a333731a08 method=org.antlr.v4.runtime.misc.Array2DHashSet.getOrAddImpl(Ljava/lang/Object;)Ljava/lang/Object; @ 56 c2
Event: 11.267 Thread 0x000001a387730ec0 DEOPT PACKING pc=0x000001a333731a08 sp=0x00000015196faa90
Event: 11.267 Thread 0x000001a387730ec0 DEOPT UNPACKING pc=0x000001a3330e7da2 sp=0x00000015196faa68 mode 2
Event: 11.267 Thread 0x000001a387730ec0 Uncommon trap: trap_request=0xffffffbe fr.pc=0x000001a333731a08 relative=0x0000000000000c08
Event: 11.267 Thread 0x000001a387730ec0 Uncommon trap: reason=profile_predicate action=maybe_recompile pc=0x000001a333731a08 method=org.antlr.v4.runtime.misc.Array2DHashSet.getOrAddImpl(Ljava/lang/Object;)Ljava/lang/Object; @ 56 c2
Event: 11.267 Thread 0x000001a387730ec0 DEOPT PACKING pc=0x000001a333731a08 sp=0x00000015196faa90
Event: 11.267 Thread 0x000001a387730ec0 DEOPT UNPACKING pc=0x000001a3330e7da2 sp=0x00000015196faa68 mode 2
Event: 11.267 Thread 0x000001a387730ec0 Uncommon trap: trap_request=0xffffffd6 fr.pc=0x000001a333731c14 relative=0x0000000000000e14
Event: 11.267 Thread 0x000001a387730ec0 Uncommon trap: reason=array_check action=maybe_recompile pc=0x000001a333731c14 method=org.antlr.v4.runtime.misc.Array2DHashSet.getOrAddImpl(Ljava/lang/Object;)Ljava/lang/Object; @ 128 c2
Event: 11.267 Thread 0x000001a387730ec0 DEOPT PACKING pc=0x000001a333731c14 sp=0x00000015196f85c0
Event: 11.267 Thread 0x000001a387730ec0 DEOPT UNPACKING pc=0x000001a3330e7da2 sp=0x00000015196f8590 mode 2
Event: 11.267 Thread 0x000001a387730ec0 Uncommon trap: trap_request=0xffffffd6 fr.pc=0x000001a333731c14 relative=0x0000000000000e14
Event: 11.267 Thread 0x000001a387730ec0 Uncommon trap: reason=array_check action=maybe_recompile pc=0x000001a333731c14 method=org.antlr.v4.runtime.misc.Array2DHashSet.getOrAddImpl(Ljava/lang/Object;)Ljava/lang/Object; @ 128 c2
Event: 11.267 Thread 0x000001a387730ec0 DEOPT PACKING pc=0x000001a333731c14 sp=0x00000015196f9730
Event: 11.267 Thread 0x000001a387730ec0 DEOPT UNPACKING pc=0x000001a3330e7da2 sp=0x00000015196f9700 mode 2
Event: 11.384 Thread 0x000001a387730ec0 DEOPT PACKING pc=0x000001a32befa026 sp=0x00000015196fae40
Event: 11.384 Thread 0x000001a387730ec0 DEOPT UNPACKING pc=0x000001a3330e88e2 sp=0x00000015196fa360 mode 0
Event: 11.386 Thread 0x000001a387730ec0 DEOPT PACKING pc=0x000001a32bc3f2a0 sp=0x00000015196fb180
Event: 11.386 Thread 0x000001a387730ec0 DEOPT UNPACKING pc=0x000001a3330e88e2 sp=0x00000015196fa738 mode 0

Classes loaded (20 events):
Event: 9.990 Loading class java/util/WeakHashMap$KeyIterator
Event: 9.990 Loading class java/util/WeakHashMap$KeyIterator done
Event: 10.136 Loading class java/lang/Package$1PackageInfoProxy
Event: 10.136 Loading class java/lang/Package$1PackageInfoProxy done
Event: 10.159 Loading class java/util/stream/ReduceOps$5
Event: 10.160 Loading class java/util/stream/ReduceOps$5 done
Event: 10.160 Loading class java/util/stream/ReduceOps$CountingSink$OfRef
Event: 10.160 Loading class java/util/stream/ReduceOps$CountingSink
Event: 10.160 Loading class java/util/stream/ReduceOps$CountingSink done
Event: 10.160 Loading class java/util/stream/ReduceOps$CountingSink$OfRef done
Event: 10.191 Loading class java/lang/invoke/WrongMethodTypeException
Event: 10.191 Loading class java/lang/invoke/WrongMethodTypeException done
Event: 10.205 Loading class java/util/regex/Pattern$Bound
Event: 10.206 Loading class java/util/regex/Pattern$Bound done
Event: 10.207 Loading class java/util/regex/Pattern$Behind
Event: 10.207 Loading class java/util/regex/Pattern$Behind done
Event: 10.249 Loading class java/util/EmptyStackException
Event: 10.249 Loading class java/util/EmptyStackException done
Event: 10.389 Loading class java/io/InvalidClassException
Event: 10.390 Loading class java/io/InvalidClassException done

Classes unloaded (0 events):
No events

Classes redefined (0 events):
No events

Internal exceptions (20 events):
Event: 9.309 Thread 0x000001a387730ec0 Exception <a 'java/lang/NoSuchMethodError'{0x000000074f794a58}: 'void java.lang.invoke.DirectMethodHandle$Holder.invokeStaticInit(java.lang.Object, int, java.lang.Object, java.lang.Object, java.lang.Object, java.lang.Object)'> (0x000000074f794a58) 
thrown [s\open\src\hotspot\share\interpreter\linkResolver.cpp, line 773]
Event: 9.350 Thread 0x000001a387730ec0 Exception <a 'java/lang/NoSuchMethodError'{0x000000074d2bc4e8}: 'int java.lang.invoke.DirectMethodHandle$Holder.invokeStatic(java.lang.Object, java.lang.Object, java.lang.Object, java.lang.Object, java.lang.Object, java.lang.Object)'> (0x000000074d2bc4e8) 
thrown [s\open\src\hotspot\share\interpreter\linkResolver.cpp, line 773]
Event: 9.368 Thread 0x000001a387730ec0 Exception <a 'java/lang/NoSuchMethodError'{0x000000074d363458}: 'void java.lang.invoke.DirectMethodHandle$Holder.invokeInterface(java.lang.Object, java.lang.Object, int, java.lang.Object)'> (0x000000074d363458) 
thrown [s\open\src\hotspot\share\interpreter\linkResolver.cpp, line 773]
Event: 9.371 Thread 0x000001a387730ec0 Exception <a 'java/lang/NoSuchMethodError'{0x000000074d3852e8}: 'java.lang.Object java.lang.invoke.DirectMethodHandle$Holder.newInvokeSpecial(java.lang.Object, java.lang.Object, int, java.lang.Object)'> (0x000000074d3852e8) 
thrown [s\open\src\hotspot\share\interpreter\linkResolver.cpp, line 773]
Event: 9.371 Thread 0x000001a387730ec0 Exception <a 'java/lang/NoSuchMethodError'{0x000000074d388c48}: 'java.lang.Object java.lang.invoke.Invokers$Holder.linkToTargetMethod(java.lang.Object, int, java.lang.Object, java.lang.Object)'> (0x000000074d388c48) 
thrown [s\open\src\hotspot\share\interpreter\linkResolver.cpp, line 773]
Event: 9.387 Thread 0x000001a387730ec0 Exception <a 'java/lang/NoSuchMethodError'{0x000000074d049a68}: 'void java.lang.invoke.DirectMethodHandle$Holder.invokeSpecial(java.lang.Object, java.lang.Object, java.lang.Object, java.lang.Object, java.lang.Object, java.lang.Object, java.lang.Object, java.lang.Object)'> (0x000000074d049a68) 
thrown [s\open\src\hotspot\share\interpreter\linkResolver.cpp, line 773]
Event: 9.393 Thread 0x000001a387730ec0 Exception <a 'java/lang/NoSuchMethodError'{0x000000074d080520}: 'void java.lang.invoke.DirectMethodHandle$Holder.invokeSpecial(java.lang.Object, java.lang.Object, int, java.lang.Object)'> (0x000000074d080520) 
thrown [s\open\src\hotspot\share\interpreter\linkResolver.cpp, line 773]
Event: 9.425 Thread 0x000001a387730ec0 Exception <a 'java/lang/NoSuchMethodError'{0x000000074d1c6ae8}: 'int java.lang.invoke.DirectMethodHandle$Holder.invokeStatic(java.lang.Object, int, java.lang.Object)'> (0x000000074d1c6ae8) 
thrown [s\open\src\hotspot\share\interpreter\linkResolver.cpp, line 773]
Event: 9.428 Thread 0x000001a387730ec0 Exception <a 'java/lang/NoSuchMethodError'{0x000000074d1e2ae8}: 'java.lang.Object java.lang.invoke.DirectMethodHandle$Holder.newInvokeSpecial(java.lang.Object, java.lang.Object, java.lang.Object, java.lang.Object, java.lang.Object, int, java.lang.Object)'> (0x000000074d1e2ae8) 
thrown [s\open\src\hotspot\share\interpreter\linkResolver.cpp, line 773]
Event: 9.435 Thread 0x000001a387730ec0 Exception <a 'java/lang/NoSuchMethodError'{0x000000074ce11ed8}: 'java.lang.Object java.lang.invoke.DirectMethodHandle$Holder.newInvokeSpecial(java.lang.Object, java.lang.Object, java.lang.Object, java.lang.Object, java.lang.Object, java.lang.Object, java.lang.Object, java.lang.Object, java.lang.Object, java.lang.Object, java.lang.Object, java.lang.Object)'> (0x000000074ce11ed8) 
thrown [s\open\src\hotspot\share\interpreter\linkResolver.cpp, line 773]
Event: 9.435 Thread 0x000001a387730ec0 Exception <a 'java/lang/NoSuchMethodError'{0x000000074ce16770}: 'java.lang.Object java.lang.invoke.DirectMethodHandle$Holder.invokeSpecial(java.lang.Object, java.lang.Object, java.lang.Object, java.lang.Object, java.lang.Object, java.lang.Object, java.lang.Object, java.lang.Object, java.lang.Object, java.lang.Object, java.lang.Object, java.lang.Object, java.lang.Object)'> (0x000000074ce16770) 
thrown [s\open\src\hotspot\share\interpreter\linkResolver.cpp, line 773]
Event: 9.435 Thread 0x000001a387730ec0 Exception <a 'java/lang/NoSuchMethodError'{0x000000074ce1a7a0}: 'java.lang.Object java.lang.invoke.Invokers$Holder.linkToTargetMethod(java.lang.Object, java.lang.Object, java.lang.Object, java.lang.Object, java.lang.Object, java.lang.Object, java.lang.Object, java.lang.Object, java.lang.Object, java.lang.Object, java.lang.Object, java.lang.Object)'> (0x000000074ce1a7a0) 
thrown [s\open\src\hotspot\share\interpreter\linkResolver.cpp, line 773]
Event: 9.483 Thread 0x000001a387730ec0 Exception <a 'java/lang/IncompatibleClassChangeError'{0x000000074cfac960}: Found class java.lang.Object, but interface was expected> (0x000000074cfac960) 
thrown [s\open\src\hotspot\share\interpreter\linkResolver.cpp, line 840]
Event: 9.500 Thread 0x000001a387730ec0 Exception <a 'java/lang/NoSuchMethodError'{0x0000000746c40670}: 'java.lang.Object java.lang.invoke.DirectMethodHandle$Holder.newInvokeSpecial(java.lang.Object, java.lang.Object, int, java.lang.Object, int, java.lang.Object, java.lang.Object)'> (0x0000000746c40670) 
thrown [s\open\src\hotspot\share\interpreter\linkResolver.cpp, line 773]
Event: 9.521 Thread 0x000001a387730ec0 Exception <a 'java/lang/NoSuchMethodError'{0x0000000746ce7fa0}: 'java.lang.Object java.lang.invoke.DirectMethodHandle$Holder.newInvokeSpecial(java.lang.Object, java.lang.Object, java.lang.Object, java.lang.Object, java.lang.Object, java.lang.Object, java.lang.Object, int)'> (0x0000000746ce7fa0) 
thrown [s\open\src\hotspot\share\interpreter\linkResolver.cpp, line 773]
Event: 9.521 Thread 0x000001a387730ec0 Exception <a 'java/lang/NoSuchMethodError'{0x0000000746cec4b8}: 'java.lang.Object java.lang.invoke.DirectMethodHandle$Holder.invokeSpecial(java.lang.Object, java.lang.Object, java.lang.Object, java.lang.Object, java.lang.Object, java.lang.Object, java.lang.Object, java.lang.Object, int)'> (0x0000000746cec4b8) 
thrown [s\open\src\hotspot\share\interpreter\linkResolver.cpp, line 773]
Event: 9.521 Thread 0x000001a387730ec0 Exception <a 'java/lang/NoSuchMethodError'{0x0000000746cf0488}: 'java.lang.Object java.lang.invoke.Invokers$Holder.linkToTargetMethod(java.lang.Object, java.lang.Object, java.lang.Object, java.lang.Object, java.lang.Object, java.lang.Object, int, java.lang.Object)'> (0x0000000746cf0488) 
thrown [s\open\src\hotspot\share\interpreter\linkResolver.cpp, line 773]
Event: 9.758 Thread 0x000001a387730ec0 Exception <a 'java/lang/IncompatibleClassChangeError'{0x00000007465fd840}: Found class java.lang.Object, but interface was expected> (0x00000007465fd840) 
thrown [s\open\src\hotspot\share\interpreter\linkResolver.cpp, line 840]
Event: 9.800 Thread 0x000001a387730ec0 Exception <a 'java/lang/IncompatibleClassChangeError'{0x000000074637a2e0}: Found class java.lang.Object, but interface was expected> (0x000000074637a2e0) 
thrown [s\open\src\hotspot\share\interpreter\linkResolver.cpp, line 840]
Event: 10.128 Thread 0x000001a387730ec0 Exception <a 'java/lang/IncompatibleClassChangeError'{0x000000074d13f710}: Found class java.lang.Object, but interface was expected> (0x000000074d13f710) 
thrown [s\open\src\hotspot\share\interpreter\linkResolver.cpp, line 840]

ZGC Phase Switch (0 events):
No events

VM Operations (20 events):
Event: 10.141 Executing VM operation: HandshakeAllThreads (Deoptimize) done
Event: 10.409 Executing VM operation: HandshakeAllThreads (Deoptimize)
Event: 10.409 Executing VM operation: HandshakeAllThreads (Deoptimize) done
Event: 10.539 Executing VM operation: G1CollectForAllocation (G1 Evacuation Pause)
Event: 10.544 Executing VM operation: G1CollectForAllocation (G1 Evacuation Pause) done
Event: 10.640 Executing VM operation: G1CollectForAllocation (G1 Evacuation Pause)
Event: 10.643 Executing VM operation: G1CollectForAllocation (G1 Evacuation Pause) done
Event: 10.686 Executing VM operation: G1PauseRemark
Event: 10.692 Executing VM operation: G1PauseRemark done
Event: 10.697 Executing VM operation: HandshakeAllThreads (Deoptimize)
Event: 10.697 Executing VM operation: HandshakeAllThreads (Deoptimize) done
Event: 10.707 Executing VM operation: G1PauseCleanup
Event: 10.722 Executing VM operation: G1PauseCleanup done
Event: 10.823 Executing VM operation: G1CollectForAllocation (G1 Evacuation Pause)
Event: 10.828 Executing VM operation: G1CollectForAllocation (G1 Evacuation Pause) done
Event: 11.195 Executing VM operation: G1CollectForAllocation (G1 Evacuation Pause)
Event: 11.202 Executing VM operation: G1CollectForAllocation (G1 Evacuation Pause) done
Event: 11.365 Executing VM operation: G1CollectForAllocation (G1 Evacuation Pause)
Event: 11.370 Executing VM operation: G1CollectForAllocation (G1 Evacuation Pause) done
Event: 11.421 Executing VM operation: G1PauseRemark

Events (20 events):
Event: 11.424 Thread 0x000001a34137c8d0 flushing nmethod 0x000001a32be66890
Event: 11.424 Thread 0x000001a34137c8d0 flushing nmethod 0x000001a32be66210
Event: 11.424 Thread 0x000001a34137c8d0 flushing nmethod 0x000001a32be80010
Event: 11.424 Thread 0x000001a34137c8d0 flushing nmethod 0x000001a32be0ef10
Event: 11.424 Thread 0x000001a34137c8d0 flushing nmethod 0x000001a32be23c10
Event: 11.424 Thread 0x000001a34137c8d0 flushing nmethod 0x000001a32be23890
Event: 11.424 Thread 0x000001a34137c8d0 flushing nmethod 0x000001a32bdedf10
Event: 11.424 Thread 0x000001a34137c8d0 flushing nmethod 0x000001a32bd6fe90
Event: 11.424 Thread 0x000001a34137c8d0 flushing nmethod 0x000001a32bd87b10
Event: 11.424 Thread 0x000001a34137c8d0 flushing nmethod 0x000001a32bd5a990
Event: 11.424 Thread 0x000001a34137c8d0 flushing nmethod 0x000001a32bd22d90
Event: 11.424 Thread 0x000001a34137c8d0 flushing nmethod 0x000001a32bccf190
Event: 11.424 Thread 0x000001a34137c8d0 flushing nmethod 0x000001a32bcae290
Event: 11.424 Thread 0x000001a34137c8d0 flushing nmethod 0x000001a32bca4c90
Event: 11.424 Thread 0x000001a34137c8d0 flushing nmethod 0x000001a3338bd290
Event: 11.424 Thread 0x000001a34137c8d0 flushing nmethod 0x000001a3339ac490
Event: 11.425 Thread 0x000001a34137c8d0 flushing nmethod 0x000001a33376f490
Event: 11.425 Thread 0x000001a34137c8d0 flushing nmethod 0x000001a33382be90
Event: 11.425 Thread 0x000001a34137c8d0 flushing nmethod 0x000001a3337e4290
Event: 11.425 Thread 0x000001a34137c8d0 flushing nmethod 0x000001a3337c8b10


Dynamic libraries:
0x00007ff7a6140000 - 0x00007ff7a6150000 	C:\Program Files\Java\jdk-21\bin\java.exe
0x00007ffbedb10000 - 0x00007ffbedd27000 	C:\WINDOWS\SYSTEM32\ntdll.dll
0x00007ffbecb90000 - 0x00007ffbecc54000 	C:\WINDOWS\System32\KERNEL32.DLL
0x00007ffbeb200000 - 0x00007ffbeb5d3000 	C:\WINDOWS\System32\KERNELBASE.dll
0x00007ffbeac50000 - 0x00007ffbead61000 	C:\WINDOWS\System32\ucrtbase.dll
0x00007ffbae230000 - 0x00007ffbae24b000 	C:\Program Files\Java\jdk-21\bin\VCRUNTIME140.dll
0x00007ffba9180000 - 0x00007ffba9199000 	C:\Program Files\Java\jdk-21\bin\jli.dll
0x00007ffbec860000 - 0x00007ffbec911000 	C:\WINDOWS\System32\ADVAPI32.dll
0x00007ffbecad0000 - 0x00007ffbecb77000 	C:\WINDOWS\System32\msvcrt.dll
0x00007ffbec5c0000 - 0x00007ffbec668000 	C:\WINDOWS\System32\sechost.dll
0x00007ffbeac20000 - 0x00007ffbeac48000 	C:\WINDOWS\System32\bcrypt.dll
0x00007ffbed9b0000 - 0x00007ffbedac4000 	C:\WINDOWS\System32\RPCRT4.dll
0x00007ffbc4260000 - 0x00007ffbc44f8000 	C:\WINDOWS\WinSxS\amd64_microsoft.windows.common-controls_6595b64144ccf1df_6.0.22621.5124_none_270e8f4f7386d69d\COMCTL32.dll
0x00007ffbecaa0000 - 0x00007ffbecac9000 	C:\WINDOWS\System32\GDI32.dll
0x00007ffbeb780000 - 0x00007ffbeb7a6000 	C:\WINDOWS\System32\win32u.dll
0x00007ffbeb5e0000 - 0x00007ffbeb6fb000 	C:\WINDOWS\System32\gdi32full.dll
0x00007ffbeaeb0000 - 0x00007ffbeaf4a000 	C:\WINDOWS\System32\msvcp_win.dll
0x00007ffbece40000 - 0x00007ffbecff1000 	C:\WINDOWS\System32\USER32.dll
0x00007ffbe46e0000 - 0x00007ffbe46ea000 	C:\WINDOWS\SYSTEM32\VERSION.dll
0x00007ffbed090000 - 0x00007ffbed0c1000 	C:\WINDOWS\System32\IMM32.DLL
0x00007ffbb4b70000 - 0x00007ffbb4b7c000 	C:\Program Files\Java\jdk-21\bin\vcruntime140_1.dll
0x00007ffb930f0000 - 0x00007ffb9317e000 	C:\Program Files\Java\jdk-21\bin\msvcp140.dll
0x00007ffb039a0000 - 0x00007ffb046b5000 	C:\Program Files\Java\jdk-21\bin\server\jvm.dll
0x00007ffbed930000 - 0x00007ffbed9a1000 	C:\WINDOWS\System32\WS2_32.dll
0x00007ffbeaaf0000 - 0x00007ffbeab3d000 	C:\WINDOWS\SYSTEM32\POWRPROF.dll
0x00007ffbe4910000 - 0x00007ffbe4944000 	C:\WINDOWS\SYSTEM32\WINMM.dll
0x00007ffbeaad0000 - 0x00007ffbeaae3000 	C:\WINDOWS\SYSTEM32\UMPDC.dll
0x00007ffbe9c50000 - 0x00007ffbe9c68000 	C:\WINDOWS\SYSTEM32\kernel.appcore.dll
0x00007ffbb4b40000 - 0x00007ffbb4b4a000 	C:\Program Files\Java\jdk-21\bin\jimage.dll
0x00007ffbe8580000 - 0x00007ffbe87b2000 	C:\WINDOWS\SYSTEM32\DBGHELP.DLL
0x00007ffbed300000 - 0x00007ffbed692000 	C:\WINDOWS\System32\combase.dll
0x00007ffbec780000 - 0x00007ffbec857000 	C:\WINDOWS\System32\OLEAUT32.dll
0x00007ffbc8e90000 - 0x00007ffbc8ec2000 	C:\WINDOWS\SYSTEM32\dbgcore.DLL
0x00007ffbeb700000 - 0x00007ffbeb77b000 	C:\WINDOWS\System32\bcryptPrimitives.dll
0x00007ffbb4af0000 - 0x00007ffbb4aff000 	C:\Program Files\Java\jdk-21\bin\instrument.dll
0x00007ffba9160000 - 0x00007ffba917f000 	C:\Program Files\Java\jdk-21\bin\java.dll
0x00007ffbeb7b0000 - 0x00007ffbec046000 	C:\WINDOWS\System32\SHELL32.dll
0x00007ffbead70000 - 0x00007ffbeaeaf000 	C:\WINDOWS\System32\wintypes.dll
0x00007ffbe8b40000 - 0x00007ffbe945a000 	C:\WINDOWS\SYSTEM32\windows.storage.dll
0x00007ffbec920000 - 0x00007ffbeca2a000 	C:\WINDOWS\System32\SHCORE.dll
0x00007ffbec550000 - 0x00007ffbec5b3000 	C:\WINDOWS\System32\shlwapi.dll
0x00007ffbeab50000 - 0x00007ffbeab7b000 	C:\WINDOWS\SYSTEM32\profapi.dll
0x00007ffb87790000 - 0x00007ffb87867000 	C:\Program Files\Java\jdk-21\bin\jsvml.dll
0x00007ffba1790000 - 0x00007ffba17a8000 	C:\Program Files\Java\jdk-21\bin\zip.dll
0x00007ffbb2a30000 - 0x00007ffbb2a40000 	C:\Program Files\Java\jdk-21\bin\net.dll
0x00007ffbe6520000 - 0x00007ffbe664c000 	C:\WINDOWS\SYSTEM32\WINHTTP.dll
0x00007ffbea0d0000 - 0x00007ffbea13a000 	C:\WINDOWS\system32\mswsock.dll
0x00007ffba0520000 - 0x00007ffba0536000 	C:\Program Files\Java\jdk-21\bin\nio.dll
0x00007ffbe9730000 - 0x00007ffbe9832000 	C:\WINDOWS\SYSTEM32\DNSAPI.dll
0x00007ffbe96c0000 - 0x00007ffbe96ed000 	C:\WINDOWS\SYSTEM32\IPHLPAPI.DLL
0x00007ffbec540000 - 0x00007ffbec549000 	C:\WINDOWS\System32\NSI.dll
0x00007ffbb0150000 - 0x00007ffbb0157000 	C:\Program Files\Java\jdk-21\bin\extnet.dll
0x00007ffbe25a0000 - 0x00007ffbe25aa000 	C:\Windows\System32\rasadhlp.dll
0x00007ffbe4d50000 - 0x00007ffbe4dd3000 	C:\WINDOWS\System32\fwpuclnt.dll
0x00007ffbaf7d0000 - 0x00007ffbaf7da000 	C:\Program Files\Java\jdk-21\bin\management.dll
0x00007ffbaf690000 - 0x00007ffbaf69b000 	C:\Program Files\Java\jdk-21\bin\management_ext.dll
0x00007ffbec050000 - 0x00007ffbec058000 	C:\WINDOWS\System32\PSAPI.DLL
0x00007ffbea330000 - 0x00007ffbea34b000 	C:\WINDOWS\SYSTEM32\CRYPTSP.dll
0x00007ffbe9bb0000 - 0x00007ffbe9be7000 	C:\WINDOWS\system32\rsaenh.dll
0x00007ffbea1c0000 - 0x00007ffbea1e8000 	C:\WINDOWS\SYSTEM32\USERENV.dll
0x00007ffbea320000 - 0x00007ffbea32c000 	C:\WINDOWS\SYSTEM32\CRYPTBASE.dll
0x00007ffbc3cf0000 - 0x00007ffbc3d07000 	C:\WINDOWS\system32\napinsp.dll
0x00007ffbc3cd0000 - 0x00007ffbc3ceb000 	C:\WINDOWS\system32\pnrpnsp.dll
0x00007ffbc3cb0000 - 0x00007ffbc3cc1000 	C:\WINDOWS\System32\winrnr.dll
0x00007ffbe2af0000 - 0x00007ffbe2b05000 	C:\WINDOWS\system32\wshbth.dll
0x00007ffbc3c80000 - 0x00007ffbc3ca7000 	C:\WINDOWS\system32\nlansp_c.dll
0x00007ffbda010000 - 0x00007ffbda060000 	C:\WINDOWS\SYSTEM32\pdh.dll
0x00007ffbe2a50000 - 0x00007ffbe2a61000 	C:\WINDOWS\System32\perfproc.dll
0x00007ffbe7820000 - 0x00007ffbe7830000 	C:\WINDOWS\System32\perfos.dll
0x00007ffbe7da0000 - 0x00007ffbe7db0000 	C:\WINDOWS\SYSTEM32\pfclient.dll
0x00007ffbb0300000 - 0x00007ffbb030e000 	C:\Program Files\Java\jdk-21\bin\sunmscapi.dll
0x00007ffbeb010000 - 0x00007ffbeb177000 	C:\WINDOWS\System32\CRYPT32.dll
0x00007ffbea4c0000 - 0x00007ffbea4ed000 	C:\WINDOWS\SYSTEM32\ncrypt.dll
0x00007ffbea480000 - 0x00007ffbea4b7000 	C:\WINDOWS\SYSTEM32\NTASN1.dll
0x00007ffbaec50000 - 0x00007ffbaec60000 	C:\Program Files\Java\jdk-21\bin\verify.dll

dbghelp: loaded successfully - version: 4.0.5 - missing functions: none
symbol engine: initialized successfully - sym options: 0x614 - pdb path: .;C:\Program Files\Java\jdk-21\bin;C:\WINDOWS\SYSTEM32;C:\WINDOWS\WinSxS\amd64_microsoft.windows.common-controls_6595b64144ccf1df_6.0.22621.5124_none_270e8f4f7386d69d;C:\Program Files\Java\jdk-21\bin\server

VM Arguments:
jvm_args: -javaagent:E:\Inteliji\IntelliJ IDEA 2025.1\lib\idea_rt.jar=53976 -Dfile.encoding=UTF-8 -Dsun.stdout.encoding=UTF-8 -Dsun.stderr.encoding=UTF-8 
java_command: com.example.Cap2.NannyNow.NannyNowApplication
java_class_path (initial): E:\BE_CareNow\target\classes;C:\Users\PC\.m2\repository\org\springframework\boot\spring-boot-starter-data-jpa\3.4.3\spring-boot-starter-data-jpa-3.4.3.jar;C:\Users\PC\.m2\repository\org\springframework\boot\spring-boot-starter\3.4.3\spring-boot-starter-3.4.3.jar;C:\Users\PC\.m2\repository\org\springframework\boot\spring-boot-starter-logging\3.4.3\spring-boot-starter-logging-3.4.3.jar;C:\Users\PC\.m2\repository\ch\qos\logback\logback-classic\1.5.16\logback-classic-1.5.16.jar;C:\Users\PC\.m2\repository\ch\qos\logback\logback-core\1.5.16\logback-core-1.5.16.jar;C:\Users\PC\.m2\repository\org\apache\logging\log4j\log4j-to-slf4j\2.24.3\log4j-to-slf4j-2.24.3.jar;C:\Users\PC\.m2\repository\org\apache\logging\log4j\log4j-api\2.24.3\log4j-api-2.24.3.jar;C:\Users\PC\.m2\repository\org\slf4j\jul-to-slf4j\2.0.16\jul-to-slf4j-2.0.16.jar;C:\Users\PC\.m2\repository\jakarta\annotation\jakarta.annotation-api\2.1.1\jakarta.annotation-api-2.1.1.jar;C:\Users\PC\.m2\repository\org\yaml\snakeyaml\2.3\snakeyaml-2.3.jar;C:\Users\PC\.m2\repository\org\springframework\boot\spring-boot-starter-jdbc\3.4.3\spring-boot-starter-jdbc-3.4.3.jar;C:\Users\PC\.m2\repository\com\zaxxer\HikariCP\5.1.0\HikariCP-5.1.0.jar;C:\Users\PC\.m2\repository\org\springframework\spring-jdbc\6.2.3\spring-jdbc-6.2.3.jar;C:\Users\PC\.m2\repository\org\hibernate\orm\hibernate-core\6.6.8.Final\hibernate-core-6.6.8.Final.jar;C:\Users\PC\.m2\repository\jakarta\persistence\jakarta.persistence-api\3.1.0\jakarta.persistence-api-3.1.0.jar;C:\Users\PC\.m2\repository\jakarta\transaction\jakarta.transaction-api\2.0.1\jakarta.transaction-api-2.0.1.jar;C:\Users\PC\.m2\repository\org\jboss\logging\jboss-logging\3.6.1.Final\jboss-logging-3.6.1.Final.jar;C:\Users\PC\.m2\repository\org\hibernate\common\hibernate-commons-annotations\7.0.3.Final\hibernate-commons-annotations-7.0.3.Final.jar;C:\Users\PC\.m2\repository\io\smallrye\jandex\3.2.0\jandex-3.2.0.jar;C:\Users\PC\.m2\repository\com\fasterxml\classmate\1.7.0\classmate-1.7.0.jar;C:\Users\PC\.m2\repository\net\bytebuddy\byte-buddy\1.15.11\byte-buddy-1.15.11.jar;C:\Users\PC\.m2\repository\org\glassfish\jaxb\jaxb-runtime\4.0.5\jaxb-runtime-4.0.5.jar;C:\Users\PC\.m2\repository\org\glassfish\jaxb\jaxb-core\4.0.5\jaxb-core-4.0.5.jar;C:\Users\PC\.m2\repository\org\glassfish\jaxb\txw2\4.0.5\txw2-4.0.5.jar;C:\Users\PC\.m2\repository\com\sun\istack\istack-commons-runtime\4.1.2\istack-commons-runtime-4.1.2.jar;C:\Users\PC\.m2\repository\jakarta\inject\jakarta.inject-api\2.0.1\jakarta.inject-api-2.0.1.jar;C:\Users\PC\.m2\repository\org\antlr\antlr4-runtime\4.13.0\antlr4-runtime-4.13.0.jar;C:\Users\PC\.m2\repository\org\springframework\data\spring-data-jpa\3.4.3\spring-data-jpa-3.4.3.jar;C:\Users\PC\.m2\repository\org\springframework\data\spring-data-commons\3.4.3\spring-data-commons-3.4.3.jar;C:\Users\PC\.m2\repository\org\springframework\spring-orm\6.2.3\spring-orm-6.2.3.jar;C:\Users\PC\.m2\repository\org\springframework\spring-context\6.2.3\spring-context-6.2.3.jar;C:\Users\PC\.m2\repository\org\springframework\spring-tx\6.2.3\spring-tx-6.2.3.jar;C:\Users\PC\.m2\repository\org\springframework\spring-beans\6.2.3\spring-beans-6.2.3.jar;C:\Users\PC\.m2\repository\org\slf4j\slf4j-api\2.0.16\slf4j-api-2.0.16.jar;C:\Users\PC\.m2\repository\org\springframework\spring-aspects\6.2.3\spring-aspects-6.2.3.jar;C:\Users\PC\.m2\repository\org\aspectj\aspectjweaver\1.9.22.1\aspectjweaver-1.9.22.1.jar;C:\Users\PC\.m2\repository\org\springframework\boot\spring-boot-starter-mail\3.4.3\spring-boot-starter-mail-3.4.3.jar;C:\Users\PC\.m2\repository\org\springframework\spring-context-support\6.2.3\spring-context-support-6.2.3.jar;C:\Users\PC\.m2\repository\org\eclipse\angus\jakarta.mail\2.0.3\jakarta.mail-2.0.3.jar;C:\Users\PC\.m2\repository\jakarta\activation\jakarta.activation-api\2.1.3\jakarta.activation-api-2.1.3.jar;C:\Users\PC\.m2\repository\org\eclipse\angus\angus-activation\2.0.2\angus-activation-2.0.2.jar;C:\Users\PC\.m2\repository\org\springframework\boot\spring-boot-starter-security\3.4.3\spring-boot-starter-security-3.4.3.jar;C:\Users\PC\.m2\repository\org\springframework\spring-aop\6.2.3\spring-aop-6.2.3.jar;C:\Users\PC\.m2\repository\org\springframework\security\spring-security-config\6.4.3\spring-security-config-6.4.3.jar;C:\Users\PC\.m2\repository\org\springframework\security\spring-security-web\6.4.3\spring-security-web-6.4.3.jar;C:\Users\PC\.m2\repository\org\springframework\spring-expression\6.2.3\spring-expression-6.2.3.jar;C:\Users\PC\.m2\repository\org\springframework\boot\spring-boot-starter-web\3.4.3\spring-boot-starter-web-3.4.3.jar;C:\Users\PC\.m2\repository\org\springframework\boot\spring-boot-starter-json\3.4.3\spring-boot-starter-json-3.4.3.jar;C:\Users\PC\.m2\repository\com\fasterxml\jackson\datatype\jackson-datatype-jdk8\2.18.2\jackson-datatype-jdk8-2.18.2.jar;C:\Users\PC\.m2\repository\com\fasterxml\jackson\module\jackson-module-parameter-names\2.18.2\jackson-module-parameter-names-2.18.2.jar;C:\Users\PC\.m2\repository\org\springframework\boot\spring-boot-starter-tomcat\3.4.3\spring-boot-starter-tomcat-3.4.3.jar;C:\Users\PC\.m2\repository\org\apache\tomcat\embed\tomcat-embed-core\10.1.36\tomcat-embed-core-10.1.36.jar;C:\Users\PC\.m2\repository\org\apache\tomcat\embed\tomcat-embed-websocket\10.1.36\tomcat-embed-websocket-10.1.36.jar;C:\Users\PC\.m2\repository\org\springframework\spring-web\6.2.3\spring-web-6.2.3.jar;C:\Users\PC\.m2\repository\io\micrometer\micrometer-observation\1.14.4\micrometer-observation-1.14.4.jar;C:\Users\PC\.m2\repository\io\micrometer\micrometer-commons\1.14.4\micrometer-commons-1.14.4.jar;C:\Users\PC\.m2\repository\org\springframework\spring-webmvc\6.2.3\spring-webmvc-6.2.3.jar;C:\Users\PC\.m2\repository\org\springframework\boot\spring-boot-starter-websocket\3.4.3\spring-boot-starter-websocket-3.4.3.jar;C:\Users\PC\.m2\repository\org\springframework\spring-messaging\6.2.3\spring-messaging-6.2.3.jar;C:\Users\PC\.m2\repository\org\springframework\spring-websocket\6.2.3\spring-websocket-6.2.3.jar;C:\Users\PC\.m2\repository\org\flywaydb\flyway-core\10.20.1\flyway-core-10.20.1.jar;C:\Users\PC\.m2\repository\com\fasterxml\jackson\dataformat\jackson-dataformat-toml\2.18.2\jackson-dataformat-toml-2.18.2.jar;C:\Users\PC\.m2\repository\com\fasterxml\jackson\core\jackson-core\2.18.2\jackson-core-2.18.2.jar;C:\Users\PC\.m2\repository\com\fasterxml\jackson\datatype\jackson-datatype-jsr310\2.18.2\jackson-datatype-jsr310-2.18.2.jar;C:\Users\PC\.m2\repository\com\fasterxml\jackson\core\jackson-annotations\2.18.2\jackson-annotations-2.18.2.jar;C:\Users\PC\.m2\repository\com\mysql\mysql-connector-j\9.1.0\mysql-connector-j-9.1.0.jar;C:\Users\PC\.m2\repository\org\flywaydb\flyway-mysql\10.20.1\flyway-mysql-10.20.1.jar;C:\Users\PC\.m2\repository\org\projectlombok\lombok\1.18.36\lombok-1.18.36.jar;C:\Users\PC\.m2\repository\jakarta\xml\bind\jakarta.xml.bind-api\4.0.2\jakarta.xml.bind-api-4.0.2.jar;C:\Users\PC\.m2\repository\org\springframework\spring-core\6.2.3\spring-core-6.2.3.jar;C:\Users\PC\.m2\repository\org\springframework\spring-jcl\6.2.3\spring-jcl-6.2.3.jar;C:\Users\PC\.m2\repository\org\springframework\security\spring-security-core\6.4.3\spring-security-core-6.4.3.jar;C:\Users\PC\.m2\repository\org\springframework\security\spring-security-crypto\6.4.3\spring-security-crypto-6.4.3.jar;C:\Users\PC\.m2\repository\io\jsonwebtoken\jjwt-api\0.11.5\jjwt-api-0.11.5.jar;C:\Users\PC\.m2\repository\io\jsonwebtoken\jjwt-impl\0.11.5\jjwt-impl-0.11.5.jar;C:\Users\PC\.m2\repository\io\jsonwebtoken\jjwt-jackson\0.11.5\jjwt-jackson-0.11.5.jar;C:\Users\PC\.m2\repository\com\fasterxml\jackson\core\jackson-databind\2.18.2\jackson-databind-2.18.2.jar;C:\Users\PC\.m2\repository\org\springframework\boot\spring-boot-devtools\3.4.3\spring-boot-devtools-3.4.3.jar;C:\Users\PC\.m2\repository\org\springframework\boot\spring-boot\3.4.3\spring-boot-3.4.3.jar;C:\Users\PC\.m2\repository\org\springframework\boot\spring-boot-autoconfigure\3.4.3\spring-boot-autoconfigure-3.4.3.jar;C:\Users\PC\.m2\repository\org\springframework\boot\spring-boot-starter-validation\3.4.3\spring-boot-starter-validation-3.4.3.jar;C:\Users\PC\.m2\repository\org\apache\tomcat\embed\tomcat-embed-el\10.1.36\tomcat-embed-el-10.1.36.jar;C:\Users\PC\.m2\repository\org\hibernate\validator\hibernate-validator\8.0.2.Final\hibernate-validator-8.0.2.Final.jar;C:\Users\PC\.m2\repository\jakarta\validation\jakarta.validation-api\3.0.2\jakarta.validation-api-3.0.2.jar;C:\Users\PC\.m2\repository\org\mapstruct\mapstruct\1.5.5.Final\mapstruct-1.5.5.Final.jar;C:\Users\PC\.m2\repository\org\mapstruct\mapstruct-processor\1.5.5.Final\mapstruct-processor-1.5.5.Final.jar;C:\Users\PC\.m2\repository\com\cloudinary\cloudinary-http44\1.39.0\cloudinary-http44-1.39.0.jar;C:\Users\PC\.m2\repository\com\cloudinary\cloudinary-core\1.39.0\cloudinary-core-1.39.0.jar;C:\Users\PC\.m2\repository\org\apache\commons\commons-lang3\3.17.0\commons-lang3-3.17.0.jar;C:\Users\PC\.m2\repository\org\apache\httpcomponents\httpclient\4.4\httpclient-4.4.jar;C:\Users\PC\.m2\repository\org\apache\httpcomponents\httpcore\4.4.16\httpcore-4.4.16.jar;C:\Users\PC\.m2\repository\commons-logging\commons-logging\1.2\commons-logging-1.2.jar;C:\Users\PC\.m2\repository\commons-codec\commons-codec\1.17.2\commons-codec-1.17.2.jar;C:\Users\PC\.m2\repository\org\apache\httpcomponents\httpmime\4.4\httpmime-4.4.jar;C:\Users\PC\.m2\repository\org\springframework\boot\spring-boot-configuration-processor\3.4.3\spring-boot-configuration-processor-3.4.3.jar
Launcher Type: SUN_STANDARD

[Global flags]
     intx CICompilerCount                          = 4                                         {product} {ergonomic}
     uint ConcGCThreads                            = 2                                         {product} {ergonomic}
     uint G1ConcRefinementThreads                  = 8                                         {product} {ergonomic}
   size_t G1HeapRegionSize                         = 2097152                                   {product} {ergonomic}
    uintx GCDrainStackTargetSize                   = 64                                        {product} {ergonomic}
   size_t InitialHeapSize                          = 199229440                                 {product} {ergonomic}
   size_t MarkStackSize                            = 4194304                                   {product} {ergonomic}
   size_t MaxHeapSize                              = 3160408064                                {product} {ergonomic}
   size_t MaxNewSize                               = 1895825408                                {product} {ergonomic}
   size_t MinHeapDeltaBytes                        = 2097152                                   {product} {ergonomic}
   size_t MinHeapSize                              = 8388608                                   {product} {ergonomic}
    uintx NonNMethodCodeHeapSize                   = 5839372                                {pd product} {ergonomic}
    uintx NonProfiledCodeHeapSize                  = 122909434                              {pd product} {ergonomic}
    uintx ProfiledCodeHeapSize                     = 122909434                              {pd product} {ergonomic}
    uintx ReservedCodeCacheSize                    = 251658240                              {pd product} {ergonomic}
     bool SegmentedCodeCache                       = true                                      {product} {ergonomic}
   size_t SoftMaxHeapSize                          = 3160408064                             {manageable} {ergonomic}
     bool UseCompressedOops                        = true                           {product lp64_product} {ergonomic}
     bool UseG1GC                                  = true                                      {product} {ergonomic}
     bool UseLargePagesIndividualAllocation        = false                                  {pd product} {ergonomic}

Logging:
Log output configuration:
 #0: stdout all=warning uptime,level,tags foldmultilines=false
 #1: stderr all=off uptime,level,tags foldmultilines=false

Environment Variables:
PATH=C:\Program Files\Microsoft MPI\Bin\;C:\Program Files (x86)\VMware\VMware Workstation\bin\;C:\Program Files\Common Files\Oracle\Java\javapath;C:\WINDOWS\system32;C:\WINDOWS;C:\WINDOWS\System32\Wbem;C:\WINDOWS\System32\WindowsPowerShell\v1.0\;C:\WINDOWS\System32\OpenSSH\;C:\Program Files (x86)\Microsoft SQL Server\160\Tools\Binn\;C:\Program Files\Microsoft SQL Server\160\Tools\Binn\;C:\Program Files\Microsoft SQL Server\Client SDK\ODBC\170\Tools\Binn\;C:\Program Files\Microsoft SQL Server\160\DTS\Binn\;C:\Program Files\Azure Data Studio\bin;C:\Program Files\Microsoft SQL Server\130\Tools\Binn\;C:\Program Files (x86)\Microsoft SQL Server\160\DTS\Binn\;C:\Program Files\HP\HP One Agent;C:\Users\PC\Downloads\windows_10_cmake_Release_Graphviz-11.0.0-win64\Graphviz-11.0.0-win64\bin;C:\Program Files\nodejs\;E:\CAPSTONE1\Git\cmd;C:\Users\PC\AppData\Local\Programs\Python\Python311\Scripts\;C:\Users\PC\AppData\Local\Programs\Python\Python311\;C:\Users\PC\AppData\Local\Programs\Microsoft VS Code\bin;C:\Users\PC\AppData\Local\Programs\mongosh\;C:\Users\PC\AppData\Local\Programs\cursor\resources\app\bin
USERNAME=PC
OS=Windows_NT
PROCESSOR_IDENTIFIER=Intel64 Family 6 Model 140 Stepping 1, GenuineIntel
TMP=C:\Users\PC\AppData\Local\Temp
TEMP=C:\Users\PC\AppData\Local\Temp




Periodic native trim disabled

---------------  S Y S T E M  ---------------

OS:
 Windows 11 , 64 bit Build 22621 (10.0.22621.5124)
OS uptime: 2 days 5:25 hours

CPU: total 8 (initial active 8) (4 cores per cpu, 2 threads per core) family 6 model 140 stepping 1 microcode 0xac, cx8, cmov, fxsr, ht, mmx, 3dnowpref, sse, sse2, sse3, ssse3, sse4.1, sse4.2, popcnt, lzcnt, tsc, tscinvbit, avx, avx2, aes, erms, clmul, bmi1, bmi2, adx, avx512f, avx512dq, avx512cd, avx512bw, avx512vl, sha, fma, vzeroupper, avx512_vpopcntdq, avx512_vpclmulqdq, avx512_vaes, avx512_vnni, clflush, clflushopt, clwb, avx512_vbmi2, avx512_vbmi, rdtscp, rdpid, fsrm, gfni, avx512_bitalg, f16c, pku, cet_ibt, cet_ss, avx512_ifma
Processor Information for processor 0
  Max Mhz: 2419, Current Mhz: 2419, Mhz Limit: 2419
Processor Information for processor 1
  Max Mhz: 2419, Current Mhz: 2419, Mhz Limit: 2419
Processor Information for processor 2
  Max Mhz: 2419, Current Mhz: 2419, Mhz Limit: 2419
Processor Information for processor 3
  Max Mhz: 2419, Current Mhz: 1007, Mhz Limit: 2419
Processor Information for processor 4
  Max Mhz: 2419, Current Mhz: 2419, Mhz Limit: 2419
Processor Information for processor 5
  Max Mhz: 2419, Current Mhz: 2419, Mhz Limit: 2419
Processor Information for processor 6
  Max Mhz: 2419, Current Mhz: 1007, Mhz Limit: 2419
Processor Information for processor 7
  Max Mhz: 2419, Current Mhz: 1007, Mhz Limit: 2419

Memory: 4k page, system-wide physical 12053M (311M free)
TotalPageFile size 24853M (AvailPageFile size 15M)
current process WorkingSet (physical memory assigned to process): 293M, peak: 293M
current process commit charge ("private bytes"): 329M, peak: 345M

vm_info: Java HotSpot(TM) 64-Bit Server VM (21.0.1+12-LTS-29) for windows-amd64 JRE (21.0.1+12-LTS-29), built on 2023-10-05T13:27:09Z by "mach5one" with MS VC++ 17.1 (VS2022)

END.
